<?xml version="1.0" encoding="UTF-8"?>
<testsuite xmlns:xsi="http://www.w3.org/2001/XMLSchema-instance" xsi:noNamespaceSchemaLocation="https://maven.apache.org/surefire/maven-surefire-plugin/xsd/surefire-test-report-3.0.xsd" version="3.0" name="ServerHandlerTest" time="1.277" tests="7" errors="0" skipped="0" failures="0">
  <properties>
[...]
</properties>
  <testcase name="testHandleDeleteVote" classname="ServerHandlerTest" time="1.046">
    <system-out><![CDATA[2025-03-03 06:19:09 INFO  server.Server - Активных пользователей: 1
2025-03-03 06:19:09 INFO  server.ServerHandler - Пользователь zhenya успешно вошел в систему
2025-03-03 06:19:09 INFO  server.ServerHandler - Пользователь zhenya создал раздел: testTopic
2025-03-03 06:19:09 INFO  server.ServerHandler - Пользователь zhenya создал голосование testVote в разделе testTopic
2025-03-03 06:19:09 INFO  server.ServerHandler - Пользователь zhenya удалил голосование testVote из раздела testTopic
]]></system-out>
    <system-err><![CDATA[WARNING: A Java agent has been loaded dynamically (C:\Users\volts\.m2\repository\net\bytebuddy\byte-buddy-agent\1.14.6\byte-buddy-agent-1.14.6.jar)
WARNING: If a serviceability tool is in use, please run with -XX:+EnableDynamicAgentLoading to hide this warning
WARNING: If a serviceability tool is not in use, please run with -Djdk.instrument.traceUsage for more information
WARNING: Dynamic loading of agents will be disallowed by default in a future release
]]></system-err>
  </testcase>
  <testcase name="testHandleSaveAndLoad" classname="ServerHandlerTest" time="0.193">
    <system-out><![CDATA[2025-03-03 06:19:09 INFO  server.Server - Активных пользователей: 1
2025-03-03 06:19:09 INFO  server.ServerHandler - Пользователь zhenya успешно вошел в систему
2025-03-03 06:19:09 INFO  server.ServerHandler - Пользователь zhenya создал раздел: testTopic
2025-03-03 06:19:09 INFO  server.ServerHandler - Пользователь zhenya создал голосование testVote в разделе testTopic
2025-03-03 06:19:09 INFO  server.Server - Данные были успешно сохранены в файл testdata.json
2025-03-03 06:19:09 WARN  server.ServerHandler - Данные сохранены в файл testdata.json
2025-03-03 06:19:09 WARN  server.ServerHandler - Данные загружены из файла testdata.json
]]></system-out>
  </testcase>
  <testcase name="testHandleViewTopics" classname="ServerHandlerTest" time="0.004">
    <system-out><![CDATA[2025-03-03 06:19:09 INFO  server.Server - Активных пользователей: 1
2025-03-03 06:19:09 INFO  server.ServerHandler - Пользователь zhenya успешно вошел в систему
2025-03-03 06:19:09 INFO  server.ServerHandler - Пользователь zhenya создал раздел: polls
2025-03-03 06:19:09 INFO  server.ServerHandler - Пользователь zhenya запросил список всех разделов
]]></system-out>
  </testcase>
  <testcase name="testHandleInvalidCommand" classname="ServerHandlerTest" time="0.002">
    <system-out><![CDATA[2025-03-03 06:19:09 WARN  server.ServerHandler - Пользователь ввел некорректную команду afkaefjksmerk
]]></system-out>
  </testcase>
  <testcase name="testHandleLogin" classname="ServerHandlerTest" time="0.002">
    <system-out><![CDATA[2025-03-03 06:19:09 INFO  server.Server - Активных пользователей: 1
2025-03-03 06:19:09 INFO  server.ServerHandler - Пользователь zhenya успешно вошел в систему
]]></system-out>
  </testcase>
  <testcase name="testHandleVote" classname="ServerHandlerTest" time="0.003">
    <system-out><![CDATA[2025-03-03 06:19:09 INFO  server.Server - Активных пользователей: 1
2025-03-03 06:19:09 INFO  server.ServerHandler - Пользователь zhenya успешно вошел в систему
2025-03-03 06:19:09 INFO  server.ServerHandler - Пользователь zhenya создал раздел: basic
2025-03-03 06:19:09 INFO  server.ServerHandler - Пользователь zhenya создал голосование animals в разделе basic
]]></system-out>
  </testcase>
  <testcase name="testHandleCreateTopic" classname="ServerHandlerTest" time="0.002">
    <system-out><![CDATA[2025-03-03 06:19:09 INFO  server.Server - Активных пользователей: 1
2025-03-03 06:19:09 INFO  server.ServerHandler - Пользователь zhenya успешно вошел в систему
2025-03-03 06:19:09 INFO  server.ServerHandler - Пользователь zhenya создал раздел: psychology
]]></system-out>
  </testcase>
</testsuite>